#
# There is insufficient memory for the Java Runtime Environment to continue.
# Native memory allocation (malloc) failed to allocate 2097152 bytes for AllocateHeap
# Possible reasons:
#   The system is out of physical RAM or swap space
#   The process is running with CompressedOops enabled, and the Java Heap may be blocking the growth of the native heap
# Possible solutions:
#   Reduce memory load on the system
#   Increase physical memory or swap space
#   Check if swap backing store is full
#   Decrease Java heap size (-Xmx/-Xms)
#   Decrease number of Java threads
#   Decrease Java thread stack sizes (-Xss)
#   Set larger code cache with -XX:ReservedCodeCacheSize=
#   JVM is running with Unscaled Compressed Oops mode in which the Java heap is
#     placed in the first 4GB address space. The Java Heap base address is the
#     maximum limit for the native heap growth. Please use -XX:HeapBaseMinAddress
#     to set the Java Heap base and to place the Java Heap above 4GB virtual address.
# This output file may be truncated or incomplete.
#
#  Out of Memory Error (allocation.cpp:44), pid=80904, tid=19524
#
# JRE version: OpenJDK Runtime Environment Temurin-17.0.10+7 (17.0.10+7) (build 17.0.10+7)
# Java VM: OpenJDK 64-Bit Server VM Temurin-17.0.10+7 (17.0.10+7, mixed mode, emulated-client, tiered, compressed oops, compressed class ptrs, g1 gc, windows-amd64)
# No core dump will be written. Minidumps are not enabled by default on client versions of Windows
#

---------------  S U M M A R Y ------------

Command Line: -XX:+HeapDumpOnOutOfMemoryError -Xmx1024m -Dsts.lsp.client=vscode -Dsts.log.file=/dev/null -XX:TieredStopAtLevel=1 -Xlog:jni+resolve=off -Dspring.config.location=file:c:\Users\palkov\.vscode\extensions\vmware.vscode-spring-boot-1.53.0\language-server\BOOT-INF\classes\application.properties org.springframework.ide.vscode.boot.app.BootLanguageServerBootApp

Host: Intel(R) Core(TM) i5-9600K CPU @ 3.70GHz, 6 cores, 63G,  Windows 10 , 64 bit Build 19041 (10.0.19041.1706)
Time: Thu Apr 18 01:47:36 2024 RTZ 2 (s 10 , 64 bit Build 19041 (10.0.19041.1706) elapsed time: 36806.534260 seconds (0d 10h 13m 26s)

---------------  T H R E A D  ---------------

Current thread (0x000001c3d15c2700):  VMThread "VM Thread" [stack: 0x000000b006e00000,0x000000b006f00000] [id=19524]

Stack: [0x000000b006e00000,0x000000b006f00000]
Native frames: (J=compiled Java code, j=interpreted, Vv=VM code, C=native code)
V  [jvm.dll+0x67d2c9]
V  [jvm.dll+0x834afa]
V  [jvm.dll+0x8365be]
V  [jvm.dll+0x836c23]
V  [jvm.dll+0x2477ff]
V  [jvm.dll+0xa6c93]
V  [jvm.dll+0x2f86f1]
V  [jvm.dll+0x2f42e0]
V  [jvm.dll+0x2dc8c7]
V  [jvm.dll+0x31fb87]
V  [jvm.dll+0x83b11b]
V  [jvm.dll+0x83be61]
V  [jvm.dll+0x83c37d]
V  [jvm.dll+0x83c754]
V  [jvm.dll+0x83c820]
V  [jvm.dll+0x7e3fba]
V  [jvm.dll+0x67c1b5]
C  [ucrtbase.dll+0x21bb2]
C  [KERNEL32.DLL+0x17034]
C  [ntdll.dll+0x52651]

VM_Operation (0x000000b0084fea30): G1CollectFull, mode: safepoint, requested by thread 0x000001c3d6927af0


---------------  P R O C E S S  ---------------

Threads class SMR info:
_java_thread_list=0x000001c3d8354410, length=25, elements={
0x000001c3d15d8b40, 0x000001c3d15da9d0, 0x000001c3d15f6600, 0x000001c3d15f91a0,
0x000001c3d15fab70, 0x000001c3d16153f0, 0x000001c3d1617e70, 0x000001c3d1645a00,
0x000001c3d6061520, 0x000001c3d6068e90, 0x000001c3d6900540, 0x000001c3d6927af0,
0x000001c3d6927fd0, 0x000001c3c68d53e0, 0x000001c3d6a58560, 0x000001c3d68899b0,
0x000001c3d75db4b0, 0x000001c3d75daa90, 0x000001c3d764ffb0, 0x000001c3d764f080,
0x000001c3d764faa0, 0x000001c3d7652320, 0x000001c3d764eb70, 0x000001c3d76509d0,
0x000001c3d7650ee0
}

Java Threads: ( => current thread )
  0x000001c3d15d8b40 JavaThread "Reference Handler" daemon [_thread_blocked, id=28992, stack(0x000000b006f00000,0x000000b007000000)]
  0x000001c3d15da9d0 JavaThread "Finalizer" daemon [_thread_blocked, id=44760, stack(0x000000b007000000,0x000000b007100000)]
  0x000001c3d15f6600 JavaThread "Signal Dispatcher" daemon [_thread_blocked, id=45704, stack(0x000000b007100000,0x000000b007200000)]
  0x000001c3d15f91a0 JavaThread "Attach Listener" daemon [_thread_blocked, id=59892, stack(0x000000b007200000,0x000000b007300000)]
  0x000001c3d15fab70 JavaThread "Service Thread" daemon [_thread_blocked, id=85328, stack(0x000000b007300000,0x000000b007400000)]
  0x000001c3d16153f0 JavaThread "Monitor Deflation Thread" daemon [_thread_blocked, id=73664, stack(0x000000b007400000,0x000000b007500000)]
  0x000001c3d1617e70 JavaThread "C1 CompilerThread0" daemon [_thread_blocked, id=96144, stack(0x000000b007500000,0x000000b007600000)]
  0x000001c3d1645a00 JavaThread "Sweeper thread" daemon [_thread_blocked, id=48112, stack(0x000000b007600000,0x000000b007700000)]
  0x000001c3d6061520 JavaThread "Notification Thread" daemon [_thread_blocked, id=40808, stack(0x000000b007700000,0x000000b007800000)]
  0x000001c3d6068e90 JavaThread "Common-Cleaner" daemon [_thread_blocked, id=94836, stack(0x000000b007900000,0x000000b007a00000)]
  0x000001c3d6900540 JavaThread "boundedElastic-evictor-1" daemon [_thread_blocked, id=97944, stack(0x000000b008200000,0x000000b008300000)]
  0x000001c3d6927af0 JavaThread "pool-13-thread-1" [_thread_blocked, id=54728, stack(0x000000b008400000,0x000000b008500000)]
  0x000001c3d6927fd0 JavaThread "LanguageServerApp-lifecycle" [_thread_blocked, id=87236, stack(0x000000b008500000,0x000000b008600000)]
  0x000001c3c68d53e0 JavaThread "DestroyJavaVM" [_thread_blocked, id=1804, stack(0x000000b006800000,0x000000b006900000)]
  0x000001c3d6a58560 JavaThread "pool-14-thread-1" [_thread_in_native, id=44632, stack(0x000000b008600000,0x000000b008700000)]
  0x000001c3d68899b0 JavaThread "Simple-Language-Server main thread" daemon [_thread_blocked, id=80200, stack(0x000000b008700000,0x000000b008800000)]
  0x000001c3d75db4b0 JavaThread "pool-8-thread-1" [_thread_blocked, id=62520, stack(0x000000b008b00000,0x000000b008c00000)]
  0x000001c3d75daa90 JavaThread "parallel-1" daemon [_thread_blocked, id=21044, stack(0x000000b008c00000,0x000000b008d00000)]
  0x000001c3d764ffb0 JavaThread "parallel-2" daemon [_thread_blocked, id=92284, stack(0x000000b009000000,0x000000b009100000)]
  0x000001c3d764f080 JavaThread "pool-6-thread-1" [_thread_blocked, id=2596, stack(0x000000b009100000,0x000000b009200000)]
  0x000001c3d764faa0 JavaThread "parallel-3" daemon [_thread_blocked, id=86656, stack(0x000000b009200000,0x000000b009300000)]
  0x000001c3d7652320 JavaThread "parallel-4" daemon [_thread_blocked, id=97456, stack(0x000000b009400000,0x000000b009500000)]
  0x000001c3d764eb70 JavaThread "parallel-5" daemon [_thread_blocked, id=78368, stack(0x000000b009500000,0x000000b009600000)]
  0x000001c3d76509d0 JavaThread "Reconciler-1" daemon [_thread_blocked, id=94312, stack(0x000000b009700000,0x000000b009800000)]
  0x000001c3d7650ee0 JavaThread "parallel-6" daemon [_thread_blocked, id=65332, stack(0x000000b009800000,0x000000b009900000)]

Other Threads:
=>0x000001c3d15c2700 VMThread "VM Thread" [stack: 0x000000b006e00000,0x000000b006f00000] [id=19524]
  0x000001c3d6062210 WatcherThread [stack: 0x000000b007800000,0x000000b007900000] [id=42184]
  0x000001c3c6911ea0 GCTaskThread "GC Thread#0" [stack: 0x000000b006900000,0x000000b006a00000] [id=51956]
  0x000001c3d6d01040 GCTaskThread "GC Thread#1" [stack: 0x000000b007c00000,0x000000b007d00000] [id=27508]
  0x000001c3d6d01300 GCTaskThread "GC Thread#2" [stack: 0x000000b007d00000,0x000000b007e00000] [id=92808]
  0x000001c3d6d015c0 GCTaskThread "GC Thread#3" [stack: 0x000000b007e00000,0x000000b007f00000] [id=352]
  0x000001c3d6d01880 GCTaskThread "GC Thread#4" [stack: 0x000000b007f00000,0x000000b008000000] [id=51876]
  0x000001c3d6d01b40 GCTaskThread "GC Thread#5" [stack: 0x000000b008000000,0x000000b008100000] [id=35652]
  0x000001c3c691adf0 ConcurrentGCThread "G1 Main Marker" [stack: 0x000000b006a00000,0x000000b006b00000] [id=2752]
  0x000001c3c691b810 ConcurrentGCThread "G1 Conc#0" [stack: 0x000000b006b00000,0x000000b006c00000] [id=88896]
  0x000001c3d6e7e040 ConcurrentGCThread "G1 Conc#1" [stack: 0x000000b008300000,0x000000b008400000] [id=97776]
  0x000001c3c698e210 ConcurrentGCThread "G1 Refine#0" [stack: 0x000000b006c00000,0x000000b006d00000] [id=31576]
  0x000001c3d6da7e60 ConcurrentGCThread "G1 Refine#1" [stack: 0x000000b008100000,0x000000b008200000] [id=1296]
  0x000001c3c698ec40 ConcurrentGCThread "G1 Service" [stack: 0x000000b006d00000,0x000000b006e00000] [id=36876]

Threads with active compile tasks:

VM state: at safepoint (normal execution)

VM Mutex/Monitor currently owned by a thread:  ([mutex/lock_event])
[0x000001c3c47de810] Threads_lock - owner thread: 0x000001c3d15c2700
[0x000001c3c68d19a0] Heap_lock - owner thread: 0x000001c3d6927af0

Heap address: 0x00000000c0000000, size: 1024 MB, Compressed Oops mode: 32-bit

CDS archive(s) not mapped
Compressed class space mapped at: 0x0000000100000000-0x0000000140000000, reserved size: 1073741824
Narrow klass base: 0x0000000000000000, Narrow klass shift: 3, Narrow klass range: 0x140000000

GC Precious Log:
 CPUs: 6 total, 6 available
 Memory: 65408M
 Large Page Support: Disabled
 NUMA Support: Disabled
 Compressed Oops: Enabled (32-bit)
 Heap Region Size: 1M
 Heap Min Capacity: 8M
 Heap Initial Capacity: 1G
 Heap Max Capacity: 1G
 Pre-touch: Disabled
 Parallel Workers: 6
 Concurrent Workers: 2
 Concurrent Refinement Workers: 6
 Periodic GC: Disabled

Heap:
 garbage-first heap   total 97280K, used 40408K [0x00000000c0000000, 0x0000000100000000)
  region size 1024K, 1 young (1024K), 0 survivors (0K)
 Metaspace       used 59423K, committed 59840K, reserved 1114112K
  class space    used 7403K, committed 7616K, reserved 1048576K

Heap Regions: E=young(eden), S=young(survivor), O=old, HS=humongous(starts), HC=humongous(continues), CS=collection set, F=free, OA=open archive, CA=closed archive, TAMS=top-at-mark-start (previous, next)
|   0|0x00000000c0000000, 0x00000000c0100000, 0x00000000c0100000|100%|HS|  |TAMS 0x00000000c0100000, 0x00000000c0000000| Untracked 
|   1|0x00000000c0100000, 0x00000000c0200000, 0x00000000c0200000|100%|HC|  |TAMS 0x00000000c0200000, 0x00000000c0100000| Untracked 
|   2|0x00000000c0200000, 0x00000000c0300000, 0x00000000c0300000|100%|HC|  |TAMS 0x00000000c0300000, 0x00000000c0200000| Untracked 
|   3|0x00000000c0300000, 0x00000000c0400000, 0x00000000c0400000|100%|HC|  |TAMS 0x00000000c0400000, 0x00000000c0300000| Untracked 
|   4|0x00000000c0400000, 0x00000000c0500000, 0x00000000c0500000|100%|HS|  |TAMS 0x00000000c0500000, 0x00000000c0400000| Untracked 
|   5|0x00000000c0500000, 0x00000000c0600000, 0x00000000c0600000|100%|HC|  |TAMS 0x00000000c0600000, 0x00000000c0500000| Untracked 
|   6|0x00000000c0600000, 0x00000000c06ff5f8, 0x00000000c0700000| 99%| O|  |TAMS 0x00000000c06ff5f8, 0x00000000c0600000| Untracked 
|   7|0x00000000c0700000, 0x00000000c07fffd8, 0x00000000c0800000| 99%| O|  |TAMS 0x00000000c07fffd8, 0x00000000c0700000| Untracked 
|   8|0x00000000c0800000, 0x00000000c08fffb8, 0x00000000c0900000| 99%| O|  |TAMS 0x00000000c08fffb8, 0x00000000c0800000| Untracked 
|   9|0x00000000c0900000, 0x00000000c09ffff0, 0x00000000c0a00000| 99%| O|  |TAMS 0x00000000c09ffff0, 0x00000000c0900000| Untracked 
|  10|0x00000000c0a00000, 0x00000000c0afffd0, 0x00000000c0b00000| 99%| O|  |TAMS 0x00000000c0afffd0, 0x00000000c0a00000| Untracked 
|  11|0x00000000c0b00000, 0x00000000c0bfffd8, 0x00000000c0c00000| 99%| O|  |TAMS 0x00000000c0bfffd8, 0x00000000c0b00000| Untracked 
|  12|0x00000000c0c00000, 0x00000000c0cfffe8, 0x00000000c0d00000| 99%| O|  |TAMS 0x00000000c0cfffe8, 0x00000000c0c00000| Untracked 
|  13|0x00000000c0d00000, 0x00000000c0dfffd8, 0x00000000c0e00000| 99%| O|  |TAMS 0x00000000c0dfffd8, 0x00000000c0d00000| Untracked 
|  14|0x00000000c0e00000, 0x00000000c0f00000, 0x00000000c0f00000|100%| O|  |TAMS 0x00000000c0f00000, 0x00000000c0e00000| Untracked 
|  15|0x00000000c0f00000, 0x00000000c0ffffe8, 0x00000000c1000000| 99%| O|  |TAMS 0x00000000c0ffffe8, 0x00000000c0f00000| Untracked 
|  16|0x00000000c1000000, 0x00000000c1100000, 0x00000000c1100000|100%| O|  |TAMS 0x00000000c1100000, 0x00000000c1000000| Untracked 
|  17|0x00000000c1100000, 0x00000000c1200000, 0x00000000c1200000|100%| O|  |TAMS 0x00000000c1200000, 0x00000000c1100000| Untracked 
|  18|0x00000000c1200000, 0x00000000c1300000, 0x00000000c1300000|100%| O|  |TAMS 0x00000000c1300000, 0x00000000c1200000| Untracked 
|  19|0x00000000c1300000, 0x00000000c13fffe8, 0x00000000c1400000| 99%| O|  |TAMS 0x00000000c13fffe8, 0x00000000c1300000| Untracked 
|  20|0x00000000c1400000, 0x00000000c14fff90, 0x00000000c1500000| 99%| O|  |TAMS 0x00000000c14fff90, 0x00000000c1400000| Untracked 
|  21|0x00000000c1500000, 0x00000000c15ffff0, 0x00000000c1600000| 99%| O|  |TAMS 0x00000000c15ffff0, 0x00000000c1500000| Untracked 
|  22|0x00000000c1600000, 0x00000000c16fffc0, 0x00000000c1700000| 99%| O|  |TAMS 0x00000000c16fffc0, 0x00000000c1600000| Untracked 
|  23|0x00000000c1700000, 0x00000000c17fffd8, 0x00000000c1800000| 99%| O|  |TAMS 0x00000000c17fffd8, 0x00000000c1700000| Untracked 
|  24|0x00000000c1800000, 0x00000000c18fffd0, 0x00000000c1900000| 99%| O|  |TAMS 0x00000000c18fffd0, 0x00000000c1800000| Untracked 
|  25|0x00000000c1900000, 0x00000000c19ffff8, 0x00000000c1a00000| 99%| O|  |TAMS 0x00000000c19ffff8, 0x00000000c1900000| Untracked 
|  26|0x00000000c1a00000, 0x00000000c1affff0, 0x00000000c1b00000| 99%| O|  |TAMS 0x00000000c1affff0, 0x00000000c1a00000| Untracked 
|  27|0x00000000c1b00000, 0x00000000c1bf9690, 0x00000000c1c00000| 97%| O|  |TAMS 0x00000000c1bf9690, 0x00000000c1b00000| Untracked 
|  28|0x00000000c1c00000, 0x00000000c1cfffe0, 0x00000000c1d00000| 99%| O|  |TAMS 0x00000000c1cfffe0, 0x00000000c1c00000| Untracked 
|  29|0x00000000c1d00000, 0x00000000c1dfffe8, 0x00000000c1e00000| 99%| O|  |TAMS 0x00000000c1dfffe8, 0x00000000c1d00000| Untracked 
|  30|0x00000000c1e00000, 0x00000000c1efdf40, 0x00000000c1f00000| 99%| O|  |TAMS 0x00000000c1efdf40, 0x00000000c1e00000| Untracked 
|  31|0x00000000c1f00000, 0x00000000c2000000, 0x00000000c2000000|100%|HS|  |TAMS 0x00000000c2000000, 0x00000000c1f00000| Untracked 
|  32|0x00000000c2000000, 0x00000000c20fbb70, 0x00000000c2100000| 98%| O|  |TAMS 0x00000000c20fbb70, 0x00000000c2000000| Untracked 
|  33|0x00000000c2100000, 0x00000000c21ff210, 0x00000000c2200000| 99%| O|  |TAMS 0x00000000c21ff210, 0x00000000c2100000| Untracked 
|  34|0x00000000c2200000, 0x00000000c2300000, 0x00000000c2300000|100%| O|  |TAMS 0x00000000c2300000, 0x00000000c2200000| Untracked 
|  35|0x00000000c2300000, 0x00000000c23ffff0, 0x00000000c2400000| 99%| O|  |TAMS 0x00000000c23ffff0, 0x00000000c2300000| Untracked 
|  36|0x00000000c2400000, 0x00000000c24feb98, 0x00000000c2500000| 99%| O|  |TAMS 0x00000000c24feb98, 0x00000000c2400000| Untracked 
|  37|0x00000000c2500000, 0x00000000c25fffc0, 0x00000000c2600000| 99%| O|  |TAMS 0x00000000c25fffc0, 0x00000000c2500000| Untracked 
|  38|0x00000000c2600000, 0x00000000c26ffff8, 0x00000000c2700000| 99%| O|  |TAMS 0x00000000c26ffff8, 0x00000000c2600000| Untracked 
|  39|0x00000000c2700000, 0x00000000c2786190, 0x00000000c2800000| 52%| O|  |TAMS 0x00000000c2700000, 0x00000000c2700000| Untracked 
|  40|0x00000000c2800000, 0x00000000c2800068, 0x00000000c2900000|  0%| O|  |TAMS 0x00000000c2800000, 0x00000000c2800000| Untracked 
|  41|0x00000000c2900000, 0x00000000c2900000, 0x00000000c2a00000|  0%| F|  |TAMS 0x00000000c2900000, 0x00000000c2900000| Untracked 
|  42|0x00000000c2a00000, 0x00000000c2a00000, 0x00000000c2b00000|  0%| F|  |TAMS 0x00000000c2a00000, 0x00000000c2a00000| Untracked 
|  43|0x00000000c2b00000, 0x00000000c2b00000, 0x00000000c2c00000|  0%| F|  |TAMS 0x00000000c2b00000, 0x00000000c2b00000| Untracked 
|  44|0x00000000c2c00000, 0x00000000c2c00000, 0x00000000c2d00000|  0%| F|  |TAMS 0x00000000c2c00000, 0x00000000c2c00000| Untracked 
|  45|0x00000000c2d00000, 0x00000000c2d00000, 0x00000000c2e00000|  0%| F|  |TAMS 0x00000000c2d00000, 0x00000000c2d00000| Untracked 
|  46|0x00000000c2e00000, 0x00000000c2e00000, 0x00000000c2f00000|  0%| F|  |TAMS 0x00000000c2e00000, 0x00000000c2e00000| Untracked 
|  47|0x00000000c2f00000, 0x00000000c2f00000, 0x00000000c3000000|  0%| F|  |TAMS 0x00000000c2f00000, 0x00000000c2f00000| Untracked 
|  48|0x00000000c3000000, 0x00000000c3000000, 0x00000000c3100000|  0%| F|  |TAMS 0x00000000c3000000, 0x00000000c3000000| Untracked 
|  49|0x00000000c3100000, 0x00000000c3100000, 0x00000000c3200000|  0%| F|  |TAMS 0x00000000c3100000, 0x00000000c3100000| Untracked 
|  50|0x00000000c3200000, 0x00000000c3200000, 0x00000000c3300000|  0%| F|  |TAMS 0x00000000c3200000, 0x00000000c3200000| Untracked 
|  51|0x00000000c3300000, 0x00000000c3300000, 0x00000000c3400000|  0%| F|  |TAMS 0x00000000c3300000, 0x00000000c3300000| Untracked 
|  52|0x00000000c3400000, 0x00000000c3400000, 0x00000000c3500000|  0%| F|  |TAMS 0x00000000c3400000, 0x00000000c3400000| Untracked 
|  53|0x00000000c3500000, 0x00000000c3500000, 0x00000000c3600000|  0%| F|  |TAMS 0x00000000c3500000, 0x00000000c3500000| Untracked 
|  54|0x00000000c3600000, 0x00000000c3600000, 0x00000000c3700000|  0%| F|  |TAMS 0x00000000c3600000, 0x00000000c3600000| Untracked 
|  55|0x00000000c3700000, 0x00000000c3700000, 0x00000000c3800000|  0%| F|  |TAMS 0x00000000c3700000, 0x00000000c3700000| Untracked 
|  56|0x00000000c3800000, 0x00000000c3800000, 0x00000000c3900000|  0%| F|  |TAMS 0x00000000c3800000, 0x00000000c3800000| Untracked 
|  57|0x00000000c3900000, 0x00000000c3900000, 0x00000000c3a00000|  0%| F|  |TAMS 0x00000000c3900000, 0x00000000c3900000| Untracked 
|  58|0x00000000c3a00000, 0x00000000c3a00000, 0x00000000c3b00000|  0%| F|  |TAMS 0x00000000c3a00000, 0x00000000c3a00000| Untracked 
|  59|0x00000000c3b00000, 0x00000000c3b00000, 0x00000000c3c00000|  0%| F|  |TAMS 0x00000000c3b00000, 0x00000000c3b00000| Untracked 
|  60|0x00000000c3c00000, 0x00000000c3c00000, 0x00000000c3d00000|  0%| F|  |TAMS 0x00000000c3c00000, 0x00000000c3c00000| Untracked 
|  61|0x00000000c3d00000, 0x00000000c3d00000, 0x00000000c3e00000|  0%| F|  |TAMS 0x00000000c3d00000, 0x00000000c3d00000| Untracked 
|  62|0x00000000c3e00000, 0x00000000c3e00000, 0x00000000c3f00000|  0%| F|  |TAMS 0x00000000c3e00000, 0x00000000c3e00000| Untracked 
|  63|0x00000000c3f00000, 0x00000000c3f00000, 0x00000000c4000000|  0%| F|  |TAMS 0x00000000c3f00000, 0x00000000c3f00000| Untracked 
|  64|0x00000000c4000000, 0x00000000c4000000, 0x00000000c4100000|  0%| F|  |TAMS 0x00000000c4000000, 0x00000000c4000000| Untracked 
|  65|0x00000000c4100000, 0x00000000c4100000, 0x00000000c4200000|  0%| F|  |TAMS 0x00000000c4100000, 0x00000000c4100000| Untracked 
|  66|0x00000000c4200000, 0x00000000c4200000, 0x00000000c4300000|  0%| F|  |TAMS 0x00000000c4200000, 0x00000000c4200000| Untracked 
|  67|0x00000000c4300000, 0x00000000c4300000, 0x00000000c4400000|  0%| F|  |TAMS 0x00000000c4300000, 0x00000000c4300000| Untracked 
|  68|0x00000000c4400000, 0x00000000c4400000, 0x00000000c4500000|  0%| F|  |TAMS 0x00000000c4400000, 0x00000000c4400000| Untracked 
|  69|0x00000000c4500000, 0x00000000c4500000, 0x00000000c4600000|  0%| F|  |TAMS 0x00000000c4500000, 0x00000000c4500000| Untracked 
|  70|0x00000000c4600000, 0x00000000c4600000, 0x00000000c4700000|  0%| F|  |TAMS 0x00000000c4600000, 0x00000000c4600000| Untracked 
|  71|0x00000000c4700000, 0x00000000c4700000, 0x00000000c4800000|  0%| F|  |TAMS 0x00000000c4700000, 0x00000000c4700000| Untracked 
|  72|0x00000000c4800000, 0x00000000c4800000, 0x00000000c4900000|  0%| F|  |TAMS 0x00000000c4800000, 0x00000000c4800000| Untracked 
|  73|0x00000000c4900000, 0x00000000c4900000, 0x00000000c4a00000|  0%| F|  |TAMS 0x00000000c4900000, 0x00000000c4900000| Untracked 
|  74|0x00000000c4a00000, 0x00000000c4a00000, 0x00000000c4b00000|  0%| F|  |TAMS 0x00000000c4a00000, 0x00000000c4a00000| Untracked 
|  75|0x00000000c4b00000, 0x00000000c4b00000, 0x00000000c4c00000|  0%| F|  |TAMS 0x00000000c4b00000, 0x00000000c4b00000| Untracked 
|  76|0x00000000c4c00000, 0x00000000c4c00000, 0x00000000c4d00000|  0%| F|  |TAMS 0x00000000c4c00000, 0x00000000c4c00000| Untracked 
|  77|0x00000000c4d00000, 0x00000000c4d00000, 0x00000000c4e00000|  0%| F|  |TAMS 0x00000000c4d00000, 0x00000000c4d00000| Untracked 
|  78|0x00000000c4e00000, 0x00000000c4e00000, 0x00000000c4f00000|  0%| F|  |TAMS 0x00000000c4e00000, 0x00000000c4e00000| Untracked 
|  79|0x00000000c4f00000, 0x00000000c4f00000, 0x00000000c5000000|  0%| F|  |TAMS 0x00000000c4f00000, 0x00000000c4f00000| Untracked 
|  80|0x00000000c5000000, 0x00000000c5000000, 0x00000000c5100000|  0%| F|  |TAMS 0x00000000c5000000, 0x00000000c5000000| Untracked 
|  81|0x00000000c5100000, 0x00000000c5100000, 0x00000000c5200000|  0%| F|  |TAMS 0x00000000c5100000, 0x00000000c5100000| Untracked 
|  82|0x00000000c5200000, 0x00000000c5200000, 0x00000000c5300000|  0%| F|  |TAMS 0x00000000c5200000, 0x00000000c5200000| Untracked 
|  83|0x00000000c5300000, 0x00000000c5300000, 0x00000000c5400000|  0%| F|  |TAMS 0x00000000c5300000, 0x00000000c5300000| Untracked 
|  84|0x00000000c5400000, 0x00000000c5400000, 0x00000000c5500000|  0%| F|  |TAMS 0x00000000c5400000, 0x00000000c5400000| Untracked 
|  85|0x00000000c5500000, 0x00000000c5500000, 0x00000000c5600000|  0%| F|  |TAMS 0x00000000c5500000, 0x00000000c5500000| Untracked 
|  86|0x00000000c5600000, 0x00000000c5600000, 0x00000000c5700000|  0%| F|  |TAMS 0x00000000c5600000, 0x00000000c5600000| Untracked 
|  87|0x00000000c5700000, 0x00000000c5700000, 0x00000000c5800000|  0%| F|  |TAMS 0x00000000c5700000, 0x00000000c5700000| Untracked 
| 994|0x00000000fe200000, 0x00000000fe200000, 0x00000000fe300000|  0%| F|  |TAMS 0x00000000fe200000, 0x00000000fe200000| Untracked 
| 995|0x00000000fe300000, 0x00000000fe300000, 0x00000000fe400000|  0%| F|  |TAMS 0x00000000fe300000, 0x00000000fe300000| Untracked 
| 996|0x00000000fe400000, 0x00000000fe400000, 0x00000000fe500000|  0%| F|  |TAMS 0x00000000fe400000, 0x00000000fe400000| Untracked 
|1020|0x00000000ffc00000, 0x00000000ffc00000, 0x00000000ffd00000|  0%| F|  |TAMS 0x00000000ffc00000, 0x00000000ffc00000| Untracked 
|1021|0x00000000ffd00000, 0x00000000ffd00000, 0x00000000ffe00000|  0%| F|  |TAMS 0x00000000ffd00000, 0x00000000ffd00000| Untracked 
|1022|0x00000000ffe00000, 0x00000000ffe00000, 0x00000000fff00000|  0%| F|  |TAMS 0x00000000ffe00000, 0x00000000ffe00000| Untracked 
|1023|0x00000000fff00000, 0x00000000fff058a8, 0x0000000100000000|  2%| E|  |TAMS 0x00000000fff00000, 0x00000000fff00000| Complete 

Card table byte_map: [0x000001c3cc770000,0x000001c3cc970000] _byte_map_base: 0x000001c3cc170000

Marking Bits (Prev, Next): (CMBitMap*) 0x000001c3c6912500, (CMBitMap*) 0x000001c3c69124c0
 Prev Bits: [0x000001c3cdb70000, 0x000001c3ceb70000)
 Next Bits: [0x000001c3ccb70000, 0x000001c3cdb70000)

Polling page: 0x000001c3c4790000

Metaspace:

Usage:
  Non-class:     50.80 MB used.
      Class:      7.23 MB used.
       Both:     58.03 MB used.

Virtual space:
  Non-class space:       64.00 MB reserved,      51.00 MB ( 80%) committed,  1 nodes.
      Class space:        1.00 GB reserved,       7.44 MB ( <1%) committed,  1 nodes.
             Both:        1.06 GB reserved,      58.44 MB (  5%) committed. 

Chunk freelists:
   Non-Class:  12.70 MB
       Class:  8.55 MB
        Both:  21.24 MB

MaxMetaspaceSize: unlimited
CompressedClassSpaceSize: 1.00 GB
Initial GC threshold: 21.00 MB
Current GC threshold: 97.44 MB
CDS: off
MetaspaceReclaimPolicy: balanced
 - commit_granule_bytes: 65536.
 - commit_granule_words: 8192.
 - virtual_space_node_default_size: 8388608.
 - enlarge_chunks_in_place: 1.
 - new_chunks_are_fully_committed: 0.
 - uncommit_free_chunks: 1.
 - use_allocation_guard: 0.
 - handle_deallocations: 1.


Internal statistics:

num_allocs_failed_limit: 9.
num_arena_births: 814.
num_arena_deaths: 312.
num_vsnodes_births: 2.
num_vsnodes_deaths: 0.
num_space_committed: 935.
num_space_uncommitted: 0.
num_chunks_returned_to_freelist: 366.
num_chunks_taken_from_freelist: 2845.
num_chunk_merges: 123.
num_chunk_splits: 1850.
num_chunks_enlarged: 1386.
num_inconsistent_stats: 0.

CodeCache: size=49152Kb used=16665Kb max_used=17434Kb free=32486Kb
 bounds [0x000001c3c9570000, 0x000001c3ca710000, 0x000001c3cc570000]
 total_blobs=9294 nmethods=8619 adapters=600
 compilation: enabled
              stopped_count=0, restarted_count=0
 full_count=0

Compilation events (20 events):
Event: 4262.450 Thread 0x000001c3d1617e70 8610       1       org.eclipse.jdt.internal.compiler.ast.TypeDeclaration::declarationOf (51 bytes)
Event: 4262.450 Thread 0x000001c3d1617e70 nmethod 8610 0x000001c3ca495a10 code [0x000001c3ca495ba0, 0x000001c3ca495cf8]
Event: 4262.450 Thread 0x000001c3d1617e70 8611       1       org.eclipse.jdt.internal.compiler.lookup.SourceTypeBinding::checkAndFlagHeapPollution (63 bytes)
Event: 4262.451 Thread 0x000001c3d1617e70 nmethod 8611 0x000001c3ca495390 code [0x000001c3ca495540, 0x000001c3ca495778]
Event: 4262.451 Thread 0x000001c3d1617e70 8612       1       org.eclipse.jdt.internal.compiler.lookup.SourceTypeBinding::createArgumentBindings (82 bytes)
Event: 4262.451 Thread 0x000001c3d1617e70 nmethod 8612 0x000001c3ca494c10 code [0x000001c3ca494e00, 0x000001c3ca495118]
Event: 4262.453 Thread 0x000001c3d1617e70 8613       1       java.nio.channels.Channels$ReadableByteChannelImpl::implCloseChannel (8 bytes)
Event: 4262.453 Thread 0x000001c3d1617e70 nmethod 8613 0x000001c3ca494910 code [0x000001c3ca494aa0, 0x000001c3ca494b88]
Event: 4262.476 Thread 0x000001c3d1617e70 8614       1       org.eclipse.jdt.internal.compiler.flow.UnconditionalFlowInfo::addInitializationsFrom (7 bytes)
Event: 4262.476 Thread 0x000001c3d1617e70 nmethod 8614 0x000001c3ca494610 code [0x000001c3ca4947a0, 0x000001c3ca494888]
Event: 4262.477 Thread 0x000001c3d1617e70 8615       1       org.eclipse.jdt.internal.compiler.codegen.BranchLabel::forwardReferenceCount (20 bytes)
Event: 4262.477 Thread 0x000001c3d1617e70 nmethod 8615 0x000001c3ca494210 code [0x000001c3ca4943c0, 0x000001c3ca494528]
Event: 4262.479 Thread 0x000001c3d1617e70 8616       1       org.eclipse.jdt.internal.compiler.ClassFile::traverse (7180 bytes)
Event: 4262.495 Thread 0x000001c3d1617e70 nmethod 8616 0x000001c3ca47bd10 code [0x000001c3ca47d640, 0x000001c3ca48a0c8]
Event: 4682.020 Thread 0x000001c3d1617e70 8617       1       java.lang.ProcessImpl$2::run (242 bytes)
Event: 4682.021 Thread 0x000001c3d1617e70 nmethod 8617 0x000001c3ca47a290 code [0x000001c3ca47a540, 0x000001c3ca47b2d8]
Event: 4682.021 Thread 0x000001c3d1617e70 8618       1       java.io.BufferedOutputStream::<init> (9 bytes)
Event: 4682.021 Thread 0x000001c3d1617e70 nmethod 8618 0x000001c3ca479d10 code [0x000001c3ca479ea0, 0x000001c3ca47a178]
Event: 4682.021 Thread 0x000001c3d1617e70 8619       1       java.lang.ProcessImpl::waitFor (136 bytes)
Event: 4682.021 Thread 0x000001c3d1617e70 nmethod 8619 0x000001c3ca479490 code [0x000001c3ca4796a0, 0x000001c3ca479ab8]

GC Heap History (20 events):
Event: 36695.832 GC heap before
{Heap before GC invocations=3519 (full 3472):
 garbage-first heap   total 97280K, used 40408K [0x00000000c0000000, 0x0000000100000000)
  region size 1024K, 1 young (1024K), 0 survivors (0K)
 Metaspace       used 59423K, committed 59840K, reserved 1114112K
  class space    used 7403K, committed 7616K, reserved 1048576K
}
Event: 36695.860 GC heap after
{Heap after GC invocations=3520 (full 3473):
 garbage-first heap   total 97280K, used 40408K [0x00000000c0000000, 0x0000000100000000)
  region size 1024K, 0 young (0K), 0 survivors (0K)
 Metaspace       used 59423K, committed 59840K, reserved 1114112K
  class space    used 7403K, committed 7616K, reserved 1048576K
}
Event: 36706.947 GC heap before
{Heap before GC invocations=3520 (full 3473):
 garbage-first heap   total 97280K, used 40408K [0x00000000c0000000, 0x0000000100000000)
  region size 1024K, 1 young (1024K), 0 survivors (0K)
 Metaspace       used 59423K, committed 59840K, reserved 1114112K
  class space    used 7403K, committed 7616K, reserved 1048576K
}
Event: 36706.975 GC heap after
{Heap after GC invocations=3521 (full 3474):
 garbage-first heap   total 97280K, used 40408K [0x00000000c0000000, 0x0000000100000000)
  region size 1024K, 0 young (0K), 0 survivors (0K)
 Metaspace       used 59423K, committed 59840K, reserved 1114112K
  class space    used 7403K, committed 7616K, reserved 1048576K
}
Event: 36718.040 GC heap before
{Heap before GC invocations=3521 (full 3474):
 garbage-first heap   total 97280K, used 40408K [0x00000000c0000000, 0x0000000100000000)
  region size 1024K, 1 young (1024K), 0 survivors (0K)
 Metaspace       used 59423K, committed 59840K, reserved 1114112K
  class space    used 7403K, committed 7616K, reserved 1048576K
}
Event: 36718.072 GC heap after
{Heap after GC invocations=3522 (full 3475):
 garbage-first heap   total 97280K, used 40408K [0x00000000c0000000, 0x0000000100000000)
  region size 1024K, 0 young (0K), 0 survivors (0K)
 Metaspace       used 59423K, committed 59840K, reserved 1114112K
  class space    used 7403K, committed 7616K, reserved 1048576K
}
Event: 36729.239 GC heap before
{Heap before GC invocations=3522 (full 3475):
 garbage-first heap   total 97280K, used 40408K [0x00000000c0000000, 0x0000000100000000)
  region size 1024K, 1 young (1024K), 0 survivors (0K)
 Metaspace       used 59423K, committed 59840K, reserved 1114112K
  class space    used 7403K, committed 7616K, reserved 1048576K
}
Event: 36729.268 GC heap after
{Heap after GC invocations=3523 (full 3476):
 garbage-first heap   total 97280K, used 40408K [0x00000000c0000000, 0x0000000100000000)
  region size 1024K, 0 young (0K), 0 survivors (0K)
 Metaspace       used 59423K, committed 59840K, reserved 1114112K
  class space    used 7403K, committed 7616K, reserved 1048576K
}
Event: 36740.354 GC heap before
{Heap before GC invocations=3523 (full 3476):
 garbage-first heap   total 97280K, used 40408K [0x00000000c0000000, 0x0000000100000000)
  region size 1024K, 1 young (1024K), 0 survivors (0K)
 Metaspace       used 59423K, committed 59840K, reserved 1114112K
  class space    used 7403K, committed 7616K, reserved 1048576K
}
Event: 36740.384 GC heap after
{Heap after GC invocations=3524 (full 3477):
 garbage-first heap   total 97280K, used 40408K [0x00000000c0000000, 0x0000000100000000)
  region size 1024K, 0 young (0K), 0 survivors (0K)
 Metaspace       used 59423K, committed 59840K, reserved 1114112K
  class space    used 7403K, committed 7616K, reserved 1048576K
}
Event: 36751.538 GC heap before
{Heap before GC invocations=3524 (full 3477):
 garbage-first heap   total 97280K, used 40408K [0x00000000c0000000, 0x0000000100000000)
  region size 1024K, 1 young (1024K), 0 survivors (0K)
 Metaspace       used 59423K, committed 59840K, reserved 1114112K
  class space    used 7403K, committed 7616K, reserved 1048576K
}
Event: 36751.566 GC heap after
{Heap after GC invocations=3525 (full 3478):
 garbage-first heap   total 97280K, used 40408K [0x00000000c0000000, 0x0000000100000000)
  region size 1024K, 0 young (0K), 0 survivors (0K)
 Metaspace       used 59423K, committed 59840K, reserved 1114112K
  class space    used 7403K, committed 7616K, reserved 1048576K
}
Event: 36762.852 GC heap before
{Heap before GC invocations=3525 (full 3478):
 garbage-first heap   total 97280K, used 40408K [0x00000000c0000000, 0x0000000100000000)
  region size 1024K, 1 young (1024K), 0 survivors (0K)
 Metaspace       used 59423K, committed 59840K, reserved 1114112K
  class space    used 7403K, committed 7616K, reserved 1048576K
}
Event: 36762.885 GC heap after
{Heap after GC invocations=3526 (full 3479):
 garbage-first heap   total 97280K, used 40408K [0x00000000c0000000, 0x0000000100000000)
  region size 1024K, 0 young (0K), 0 survivors (0K)
 Metaspace       used 59423K, committed 59840K, reserved 1114112K
  class space    used 7403K, committed 7616K, reserved 1048576K
}
Event: 36773.970 GC heap before
{Heap before GC invocations=3526 (full 3479):
 garbage-first heap   total 97280K, used 40408K [0x00000000c0000000, 0x0000000100000000)
  region size 1024K, 1 young (1024K), 0 survivors (0K)
 Metaspace       used 59423K, committed 59840K, reserved 1114112K
  class space    used 7403K, committed 7616K, reserved 1048576K
}
Event: 36774.002 GC heap after
{Heap after GC invocations=3527 (full 3480):
 garbage-first heap   total 97280K, used 40408K [0x00000000c0000000, 0x0000000100000000)
  region size 1024K, 0 young (0K), 0 survivors (0K)
 Metaspace       used 59423K, committed 59840K, reserved 1114112K
  class space    used 7403K, committed 7616K, reserved 1048576K
}
Event: 36785.203 GC heap before
{Heap before GC invocations=3527 (full 3480):
 garbage-first heap   total 97280K, used 40408K [0x00000000c0000000, 0x0000000100000000)
  region size 1024K, 1 young (1024K), 0 survivors (0K)
 Metaspace       used 59423K, committed 59840K, reserved 1114112K
  class space    used 7403K, committed 7616K, reserved 1048576K
}
Event: 36785.232 GC heap after
{Heap after GC invocations=3528 (full 3481):
 garbage-first heap   total 97280K, used 40408K [0x00000000c0000000, 0x0000000100000000)
  region size 1024K, 0 young (0K), 0 survivors (0K)
 Metaspace       used 59423K, committed 59840K, reserved 1114112K
  class space    used 7403K, committed 7616K, reserved 1048576K
}
Event: 36796.418 GC heap before
{Heap before GC invocations=3528 (full 3481):
 garbage-first heap   total 97280K, used 40408K [0x00000000c0000000, 0x0000000100000000)
  region size 1024K, 1 young (1024K), 0 survivors (0K)
 Metaspace       used 59423K, committed 59840K, reserved 1114112K
  class space    used 7403K, committed 7616K, reserved 1048576K
}
Event: 36796.447 GC heap after
{Heap after GC invocations=3529 (full 3482):
 garbage-first heap   total 97280K, used 40408K [0x00000000c0000000, 0x0000000100000000)
  region size 1024K, 0 young (0K), 0 survivors (0K)
 Metaspace       used 59423K, committed 59840K, reserved 1114112K
  class space    used 7403K, committed 7616K, reserved 1048576K
}

Dll operation events (10 events):
Event: 0.005 Loaded shared library c:\Users\palkov\.vscode\extensions\redhat.java-1.29.0-win32-x64\jre\17.0.10-win32-x86_64\bin\java.dll
Event: 0.968 Loaded shared library C:\Users\palkov\.vscode\extensions\redhat.java-1.29.0-win32-x64\jre\17.0.10-win32-x86_64\bin\net.dll
Event: 0.969 Loaded shared library C:\Users\palkov\.vscode\extensions\redhat.java-1.29.0-win32-x64\jre\17.0.10-win32-x86_64\bin\nio.dll
Event: 0.975 Loaded shared library C:\Users\palkov\.vscode\extensions\redhat.java-1.29.0-win32-x64\jre\17.0.10-win32-x86_64\bin\zip.dll
Event: 1.369 Loaded shared library C:\Users\palkov\.vscode\extensions\redhat.java-1.29.0-win32-x64\jre\17.0.10-win32-x86_64\bin\jimage.dll
Event: 4.253 Loaded shared library c:\Users\palkov\.vscode\extensions\redhat.java-1.29.0-win32-x64\jre\17.0.10-win32-x86_64\bin\verify.dll
Event: 6.305 Loaded shared library C:\Users\palkov\.vscode\extensions\redhat.java-1.29.0-win32-x64\jre\17.0.10-win32-x86_64\bin\management.dll
Event: 6.307 Loaded shared library C:\Users\palkov\.vscode\extensions\redhat.java-1.29.0-win32-x64\jre\17.0.10-win32-x86_64\bin\management_ext.dll
Event: 7.675 Loaded shared library C:\Users\palkov\.vscode\extensions\redhat.java-1.29.0-win32-x64\jre\17.0.10-win32-x86_64\bin\sunmscapi.dll
Event: 7.907 Loaded shared library C:\Users\palkov\.vscode\extensions\redhat.java-1.29.0-win32-x64\jre\17.0.10-win32-x86_64\bin\extnet.dll

Deoptimization events (20 events):
Event: 6.910 Thread 0x000001c3d764f080 DEOPT PACKING pc=0x000001c3c9aa2f17 sp=0x000000b0091ff120
Event: 6.910 Thread 0x000001c3d764f080 DEOPT UNPACKING pc=0x000001c3c95c7143 sp=0x000000b0091fe578 mode 3
Event: 7.739 Thread 0x000001c3d76504c0 DEOPT PACKING pc=0x000001c3c96d130c sp=0x000000b0096fadb0
Event: 7.739 Thread 0x000001c3d76504c0 DEOPT UNPACKING pc=0x000001c3c95c7143 sp=0x000000b0096fa278 mode 0
Event: 967.688 Thread 0x000001c3d6a58560 DEOPT PACKING pc=0x000001c3c9b8b254 sp=0x000000b0086fed80
Event: 967.689 Thread 0x000001c3d6a58560 DEOPT UNPACKING pc=0x000001c3c95c7143 sp=0x000000b0086fe228 mode 0
Event: 1320.210 Thread 0x000001c3d764e660 DEOPT PACKING pc=0x000001c3c9c56024 sp=0x000000b0066fedf0
Event: 1320.210 Thread 0x000001c3d764e660 DEOPT UNPACKING pc=0x000001c3c95c7143 sp=0x000000b0066fe2d8 mode 0
Event: 1330.716 Thread 0x000001c3d764f080 DEOPT PACKING pc=0x000001c3c9d6ec0c sp=0x000000b0091fe3a0
Event: 1330.716 Thread 0x000001c3d764f080 DEOPT UNPACKING pc=0x000001c3c95c7143 sp=0x000000b0091fd908 mode 0
Event: 1330.716 Thread 0x000001c3d764f080 DEOPT PACKING pc=0x000001c3c9e221cc sp=0x000000b0091fe4d0
Event: 1330.716 Thread 0x000001c3d764f080 DEOPT UNPACKING pc=0x000001c3c95c7143 sp=0x000000b0091fd9b0 mode 0
Event: 1330.716 Thread 0x000001c3d764f080 DEOPT PACKING pc=0x000001c3c9d6ec0c sp=0x000000b0091fe600
Event: 1330.716 Thread 0x000001c3d764f080 DEOPT UNPACKING pc=0x000001c3c95c7143 sp=0x000000b0091fdb68 mode 0
Event: 1330.716 Thread 0x000001c3d764f080 DEOPT PACKING pc=0x000001c3c9e221cc sp=0x000000b0091fe730
Event: 1330.716 Thread 0x000001c3d764f080 DEOPT UNPACKING pc=0x000001c3c95c7143 sp=0x000000b0091fdc28 mode 0
Event: 1330.719 Thread 0x000001c3d764f080 DEOPT PACKING pc=0x000001c3c9d6ec0c sp=0x000000b0091feaa0
Event: 1330.719 Thread 0x000001c3d764f080 DEOPT UNPACKING pc=0x000001c3c95c7143 sp=0x000000b0091fe008 mode 0
Event: 1330.719 Thread 0x000001c3d764f080 DEOPT PACKING pc=0x000001c3c9e221cc sp=0x000000b0091febd0
Event: 1330.719 Thread 0x000001c3d764f080 DEOPT UNPACKING pc=0x000001c3c95c7143 sp=0x000000b0091fe0c8 mode 0

Classes unloaded (20 events):
Event: 1453.347 Thread 0x000001c3d15c2700 Unloading class 0x000000010069c000 'java/lang/invoke/LambdaForm$MH+0x000000010069c000'
Event: 1453.347 Thread 0x000001c3d15c2700 Unloading class 0x0000000100751400 'java/lang/invoke/LambdaForm$MH+0x0000000100751400'
Event: 1453.347 Thread 0x000001c3d15c2700 Unloading class 0x0000000100751000 'java/lang/invoke/LambdaForm$MH+0x0000000100751000'
Event: 1453.347 Thread 0x000001c3d15c2700 Unloading class 0x0000000100750c00 'java/lang/invoke/LambdaForm$MH+0x0000000100750c00'
Event: 1453.347 Thread 0x000001c3d15c2700 Unloading class 0x0000000100750800 'java/lang/invoke/LambdaForm$MH+0x0000000100750800'
Event: 1453.347 Thread 0x000001c3d15c2700 Unloading class 0x0000000100750400 'java/lang/invoke/LambdaForm$MH+0x0000000100750400'
Event: 1453.347 Thread 0x000001c3d15c2700 Unloading class 0x0000000100750000 'java/lang/invoke/LambdaForm$MH+0x0000000100750000'
Event: 1453.347 Thread 0x000001c3d15c2700 Unloading class 0x000000010074ac00 'java/lang/invoke/LambdaForm$MH+0x000000010074ac00'
Event: 1453.347 Thread 0x000001c3d15c2700 Unloading class 0x000000010074a800 'java/lang/invoke/LambdaForm$MH+0x000000010074a800'
Event: 1453.347 Thread 0x000001c3d15c2700 Unloading class 0x000000010074a400 'java/lang/invoke/LambdaForm$MH+0x000000010074a400'
Event: 1453.347 Thread 0x000001c3d15c2700 Unloading class 0x000000010074a000 'java/lang/invoke/LambdaForm$MH+0x000000010074a000'
Event: 1453.347 Thread 0x000001c3d15c2700 Unloading class 0x0000000100748400 'java/lang/invoke/LambdaForm$MH+0x0000000100748400'
Event: 1453.347 Thread 0x000001c3d15c2700 Unloading class 0x000000010008bc00 'java/lang/invoke/LambdaForm$MH+0x000000010008bc00'
Event: 3858.812 Thread 0x000001c3d15c2700 Unloading class 0x0000000100770400 'java/lang/invoke/LambdaForm$MH+0x0000000100770400'
Event: 3858.812 Thread 0x000001c3d15c2700 Unloading class 0x0000000100770000 'java/lang/invoke/LambdaForm$MH+0x0000000100770000'
Event: 3858.812 Thread 0x000001c3d15c2700 Unloading class 0x000000010076dc00 'java/lang/invoke/LambdaForm$MH+0x000000010076dc00'
Event: 3858.812 Thread 0x000001c3d15c2700 Unloading class 0x000000010076cc00 'java/lang/invoke/LambdaForm$MH+0x000000010076cc00'
Event: 3858.812 Thread 0x000001c3d15c2700 Unloading class 0x000000010076c800 'java/lang/invoke/LambdaForm$MH+0x000000010076c800'
Event: 3858.812 Thread 0x000001c3d15c2700 Unloading class 0x000000010076c400 'java/lang/invoke/LambdaForm$MH+0x000000010076c400'
Event: 3858.812 Thread 0x000001c3d15c2700 Unloading class 0x000000010076c000 'java/lang/invoke/LambdaForm$MH+0x000000010076c000'

Classes redefined (0 events):
No events

Internal exceptions (20 events):
Event: 4262.472 Thread 0x000001c3d7651e10 Implicit null exception at 0x000001c3ca0ac4a4 to 0x000001c3ca0ad352
Event: 4262.472 Thread 0x000001c3d7651e10 Exception <a 'java/lang/NullPointerException'{0x00000000c504ed60}> (0x00000000c504ed60) 
thrown [s\src\hotspot\share\runtime\sharedRuntime.cpp, line 631]
Event: 4262.472 Thread 0x000001c3d7651e10 Implicit null exception at 0x000001c3ca0ac4a4 to 0x000001c3ca0ad352
Event: 4262.472 Thread 0x000001c3d7651e10 Exception <a 'java/lang/NullPointerException'{0x00000000c50566e8}> (0x00000000c50566e8) 
thrown [s\src\hotspot\share\runtime\sharedRuntime.cpp, line 631]
Event: 4262.472 Thread 0x000001c3d7651e10 Implicit null exception at 0x000001c3ca0ac4a4 to 0x000001c3ca0ad352
Event: 4262.472 Thread 0x000001c3d7651e10 Exception <a 'java/lang/NullPointerException'{0x00000000c5057c60}> (0x00000000c5057c60) 
thrown [s\src\hotspot\share\runtime\sharedRuntime.cpp, line 631]
Event: 4262.472 Thread 0x000001c3d7651e10 Implicit null exception at 0x000001c3ca0ac4a4 to 0x000001c3ca0ad352
Event: 4262.472 Thread 0x000001c3d7651e10 Exception <a 'java/lang/NullPointerException'{0x00000000c5059320}> (0x00000000c5059320) 
thrown [s\src\hotspot\share\runtime\sharedRuntime.cpp, line 631]
Event: 4262.472 Thread 0x000001c3d7651e10 Implicit null exception at 0x000001c3ca0ac4a4 to 0x000001c3ca0ad352
Event: 4262.472 Thread 0x000001c3d7651e10 Exception <a 'java/lang/NullPointerException'{0x00000000c5060520}> (0x00000000c5060520) 
thrown [s\src\hotspot\share\runtime\sharedRuntime.cpp, line 631]
Event: 4262.472 Thread 0x000001c3d7651e10 Implicit null exception at 0x000001c3ca0ac4a4 to 0x000001c3ca0ad352
Event: 4262.472 Thread 0x000001c3d7651e10 Exception <a 'java/lang/NullPointerException'{0x00000000c50614a0}> (0x00000000c50614a0) 
thrown [s\src\hotspot\share\runtime\sharedRuntime.cpp, line 631]
Event: 4262.472 Thread 0x000001c3d7651e10 Implicit null exception at 0x000001c3ca0ac4a4 to 0x000001c3ca0ad352
Event: 4262.472 Thread 0x000001c3d7651e10 Exception <a 'java/lang/NullPointerException'{0x00000000c5062180}> (0x00000000c5062180) 
thrown [s\src\hotspot\share\runtime\sharedRuntime.cpp, line 631]
Event: 4262.472 Thread 0x000001c3d7651e10 Implicit null exception at 0x000001c3ca0ac4a4 to 0x000001c3ca0ad352
Event: 4262.472 Thread 0x000001c3d7651e10 Exception <a 'java/lang/NullPointerException'{0x00000000c5062f10}> (0x00000000c5062f10) 
thrown [s\src\hotspot\share\runtime\sharedRuntime.cpp, line 631]
Event: 4262.472 Thread 0x000001c3d7651e10 Implicit null exception at 0x000001c3ca0ac4a4 to 0x000001c3ca0ad352
Event: 4262.472 Thread 0x000001c3d7651e10 Exception <a 'java/lang/NullPointerException'{0x00000000c5063ba8}> (0x00000000c5063ba8) 
thrown [s\src\hotspot\share\runtime\sharedRuntime.cpp, line 631]
Event: 4262.472 Thread 0x000001c3d7651e10 Implicit null exception at 0x000001c3ca0ac4a4 to 0x000001c3ca0ad352
Event: 4262.472 Thread 0x000001c3d7651e10 Exception <a 'java/lang/NullPointerException'{0x00000000c5064620}> (0x00000000c5064620) 
thrown [s\src\hotspot\share\runtime\sharedRuntime.cpp, line 631]

VM Operations (20 events):
Event: 36695.860 Executing VM operation: G1CollectFull done
Event: 36706.947 Executing VM operation: G1CollectFull
Event: 36706.975 Executing VM operation: G1CollectFull done
Event: 36718.040 Executing VM operation: G1CollectFull
Event: 36718.072 Executing VM operation: G1CollectFull done
Event: 36729.239 Executing VM operation: G1CollectFull
Event: 36729.268 Executing VM operation: G1CollectFull done
Event: 36740.354 Executing VM operation: G1CollectFull
Event: 36740.384 Executing VM operation: G1CollectFull done
Event: 36751.538 Executing VM operation: G1CollectFull
Event: 36751.566 Executing VM operation: G1CollectFull done
Event: 36762.852 Executing VM operation: G1CollectFull
Event: 36762.885 Executing VM operation: G1CollectFull done
Event: 36773.970 Executing VM operation: G1CollectFull
Event: 36774.002 Executing VM operation: G1CollectFull done
Event: 36785.203 Executing VM operation: G1CollectFull
Event: 36785.232 Executing VM operation: G1CollectFull done
Event: 36796.418 Executing VM operation: G1CollectFull
Event: 36796.447 Executing VM operation: G1CollectFull done
Event: 36806.533 Executing VM operation: G1CollectFull

Events (20 events):
Event: 3883.179 Thread 0x000001c3d846af00 Thread added: 0x000001c3d846af00
Event: 3886.068 Thread 0x000001c3d846b9d0 Thread added: 0x000001c3d846b9d0
Event: 3887.370 Thread 0x000001c3d846b9d0 Thread exited: 0x000001c3d846b9d0
Event: 3887.400 Thread 0x000001c3d764c800 Thread added: 0x000001c3d764c800
Event: 3893.210 Thread 0x000001c3d846af00 Thread exited: 0x000001c3d846af00
Event: 3898.926 Thread 0x000001c3d764b8d0 Thread added: 0x000001c3d764b8d0
Event: 3947.419 Thread 0x000001c3d764d730 Thread exited: 0x000001c3d764d730
Event: 3948.312 Thread 0x000001c3d764c800 Thread exited: 0x000001c3d764c800
Event: 3958.930 Thread 0x000001c3d764b8d0 Thread exited: 0x000001c3d764b8d0
Event: 3959.235 Thread 0x000001c3d7651900 Thread exited: 0x000001c3d7651900
Event: 3959.373 Thread 0x000001c3d764f590 Thread exited: 0x000001c3d764f590
Event: 3959.373 Thread 0x000001c3d764c2f0 Thread exited: 0x000001c3d764c2f0
Event: 3987.527 Thread 0x000001c3d7652830 Thread added: 0x000001c3d7652830
Event: 3991.953 Thread 0x000001c3d76513f0 Thread added: 0x000001c3d76513f0
Event: 4052.013 Thread 0x000001c3d76513f0 Thread exited: 0x000001c3d76513f0
Event: 4059.092 Thread 0x000001c3d7652830 Thread exited: 0x000001c3d7652830
Event: 4259.735 Thread 0x000001c3d764e660 Thread added: 0x000001c3d764e660
Event: 4262.433 Thread 0x000001c3d7651e10 Thread added: 0x000001c3d7651e10
Event: 4322.493 Thread 0x000001c3d7651e10 Thread exited: 0x000001c3d7651e10
Event: 4322.493 Thread 0x000001c3d764e660 Thread exited: 0x000001c3d764e660


Dynamic libraries:
0x00007ff7f4440000 - 0x00007ff7f444e000 	c:\Users\palkov\.vscode\extensions\redhat.java-1.29.0-win32-x64\jre\17.0.10-win32-x86_64\bin\java.exe
0x00007ffb76f70000 - 0x00007ffb77165000 	C:\Windows\SYSTEM32\ntdll.dll
0x00007ffb75650000 - 0x00007ffb7570d000 	C:\Windows\System32\KERNEL32.DLL
0x00007ffb74be0000 - 0x00007ffb74ead000 	C:\Windows\System32\KERNELBASE.dll
0x00007ffb74a90000 - 0x00007ffb74b90000 	C:\Windows\System32\ucrtbase.dll
0x00007ffb2b2a0000 - 0x00007ffb2b2b7000 	c:\Users\palkov\.vscode\extensions\redhat.java-1.29.0-win32-x64\jre\17.0.10-win32-x86_64\bin\jli.dll
0x00007ffb76b70000 - 0x00007ffb76d10000 	C:\Windows\System32\USER32.dll
0x00007ffb74900000 - 0x00007ffb74922000 	C:\Windows\System32\win32u.dll
0x00007ffb75d40000 - 0x00007ffb75d6a000 	C:\Windows\System32\GDI32.dll
0x00007ffb74eb0000 - 0x00007ffb74fbb000 	C:\Windows\System32\gdi32full.dll
0x00007ffb74930000 - 0x00007ffb749cd000 	C:\Windows\System32\msvcp_win.dll
0x00007ffb2b280000 - 0x00007ffb2b29b000 	c:\Users\palkov\.vscode\extensions\redhat.java-1.29.0-win32-x64\jre\17.0.10-win32-x86_64\bin\VCRUNTIME140.dll
0x00007ffb73330000 - 0x00007ffb735ca000 	C:\Windows\WinSxS\amd64_microsoft.windows.common-controls_6595b64144ccf1df_6.0.19041.1110_none_60b5254171f9507e\COMCTL32.dll
0x00007ffb76940000 - 0x00007ffb769de000 	C:\Windows\System32\msvcrt.dll
0x00007ffb76910000 - 0x00007ffb76940000 	C:\Windows\System32\IMM32.DLL
0x00007ffb4cc50000 - 0x00007ffb4cc5c000 	c:\Users\palkov\.vscode\extensions\redhat.java-1.29.0-win32-x64\jre\17.0.10-win32-x86_64\bin\vcruntime140_1.dll
0x00007ffb2afe0000 - 0x00007ffb2b06d000 	c:\Users\palkov\.vscode\extensions\redhat.java-1.29.0-win32-x64\jre\17.0.10-win32-x86_64\bin\msvcp140.dll
0x00007ffa7ed50000 - 0x00007ffa7f9b2000 	c:\Users\palkov\.vscode\extensions\redhat.java-1.29.0-win32-x64\jre\17.0.10-win32-x86_64\bin\server\jvm.dll
0x00007ffb75b90000 - 0x00007ffb75c3e000 	C:\Windows\System32\ADVAPI32.dll
0x00007ffb75430000 - 0x00007ffb754cc000 	C:\Windows\System32\sechost.dll
0x00007ffb75f60000 - 0x00007ffb76085000 	C:\Windows\System32\RPCRT4.dll
0x00007ffb73bc0000 - 0x00007ffb73c0b000 	C:\Windows\SYSTEM32\POWRPROF.dll
0x00007ffb3c360000 - 0x00007ffb3c369000 	C:\Windows\SYSTEM32\WSOCK32.dll
0x00007ffb75ed0000 - 0x00007ffb75f3b000 	C:\Windows\System32\WS2_32.dll
0x00007ffb72b60000 - 0x00007ffb72b87000 	C:\Windows\SYSTEM32\WINMM.dll
0x00007ffb6eb90000 - 0x00007ffb6eb9a000 	C:\Windows\SYSTEM32\VERSION.dll
0x00007ffb73a80000 - 0x00007ffb73a92000 	C:\Windows\SYSTEM32\UMPDC.dll
0x00007ffb72290000 - 0x00007ffb722a2000 	C:\Windows\SYSTEM32\kernel.appcore.dll
0x00007ffb3d710000 - 0x00007ffb3d71a000 	c:\Users\palkov\.vscode\extensions\redhat.java-1.29.0-win32-x64\jre\17.0.10-win32-x86_64\bin\jimage.dll
0x00007ffb60770000 - 0x00007ffb60954000 	C:\Windows\SYSTEM32\DBGHELP.DLL
0x00007ffb622e0000 - 0x00007ffb6230c000 	C:\Windows\SYSTEM32\dbgcore.DLL
0x00007ffb74a00000 - 0x00007ffb74a82000 	C:\Windows\System32\bcryptPrimitives.dll
0x00007ffb2a180000 - 0x00007ffb2a1a5000 	c:\Users\palkov\.vscode\extensions\redhat.java-1.29.0-win32-x64\jre\17.0.10-win32-x86_64\bin\java.dll
0x00007ffb2afc0000 - 0x00007ffb2afd8000 	c:\Users\palkov\.vscode\extensions\redhat.java-1.29.0-win32-x64\jre\17.0.10-win32-x86_64\bin\zip.dll
0x00007ffb761c0000 - 0x00007ffb76904000 	C:\Windows\System32\SHELL32.dll
0x00007ffb72b90000 - 0x00007ffb73324000 	C:\Windows\SYSTEM32\windows.storage.dll
0x00007ffb75020000 - 0x00007ffb75374000 	C:\Windows\System32\combase.dll
0x00007ffb74000000 - 0x00007ffb7402c000 	C:\Windows\SYSTEM32\Wldp.dll
0x00007ffb75380000 - 0x00007ffb7542d000 	C:\Windows\System32\SHCORE.dll
0x00007ffb76d20000 - 0x00007ffb76d75000 	C:\Windows\System32\shlwapi.dll
0x00007ffb745c0000 - 0x00007ffb745df000 	C:\Windows\SYSTEM32\profapi.dll
0x00007ffb2a0c0000 - 0x00007ffb2a0d9000 	C:\Users\palkov\.vscode\extensions\redhat.java-1.29.0-win32-x64\jre\17.0.10-win32-x86_64\bin\net.dll
0x00007ffb6cb20000 - 0x00007ffb6cc2a000 	C:\Windows\SYSTEM32\WINHTTP.dll
0x00007ffb73de0000 - 0x00007ffb73e4a000 	C:\Windows\system32\mswsock.dll
0x00007ffb2a0a0000 - 0x00007ffb2a0b6000 	C:\Users\palkov\.vscode\extensions\redhat.java-1.29.0-win32-x64\jre\17.0.10-win32-x86_64\bin\nio.dll
0x00007ffb2f9d0000 - 0x00007ffb2f9e0000 	c:\Users\palkov\.vscode\extensions\redhat.java-1.29.0-win32-x64\jre\17.0.10-win32-x86_64\bin\verify.dll
0x00007ffb74340000 - 0x00007ffb74358000 	C:\Windows\SYSTEM32\CRYPTSP.dll
0x0000000051da0000 - 0x0000000051db9000 	C:\Program Files\Common Files\Crypto Pro\AppCompat\cpadvai.dll
0x00007ffb73710000 - 0x00007ffb73744000 	C:\Windows\system32\rsaenh.dll
0x00007ffb749d0000 - 0x00007ffb749f7000 	C:\Windows\System32\bcrypt.dll
0x00007ffb74540000 - 0x00007ffb7456e000 	C:\Windows\SYSTEM32\USERENV.dll
0x00007ffb73f70000 - 0x00007ffb73f7c000 	C:\Windows\SYSTEM32\CRYPTBASE.dll
0x00007ffb73aa0000 - 0x00007ffb73adb000 	C:\Windows\SYSTEM32\IPHLPAPI.DLL
0x00007ffb761b0000 - 0x00007ffb761b8000 	C:\Windows\System32\NSI.dll
0x00007ffb6ec10000 - 0x00007ffb6ec27000 	C:\Windows\SYSTEM32\dhcpcsvc6.DLL
0x00007ffb6ebd0000 - 0x00007ffb6ebed000 	C:\Windows\SYSTEM32\dhcpcsvc.DLL
0x00007ffb73ae0000 - 0x00007ffb73bab000 	C:\Windows\SYSTEM32\DNSAPI.dll
0x00007ffb2a120000 - 0x00007ffb2a129000 	C:\Users\palkov\.vscode\extensions\redhat.java-1.29.0-win32-x64\jre\17.0.10-win32-x86_64\bin\management.dll
0x00007ffb2a110000 - 0x00007ffb2a11b000 	C:\Users\palkov\.vscode\extensions\redhat.java-1.29.0-win32-x64\jre\17.0.10-win32-x86_64\bin\management_ext.dll
0x00007ffb76d10000 - 0x00007ffb76d18000 	C:\Windows\System32\PSAPI.DLL
0x00007ffb2db70000 - 0x00007ffb2db7e000 	C:\Users\palkov\.vscode\extensions\redhat.java-1.29.0-win32-x64\jre\17.0.10-win32-x86_64\bin\sunmscapi.dll
0x00007ffb74730000 - 0x00007ffb74886000 	C:\Windows\System32\CRYPT32.dll
0x00007ffb74070000 - 0x00007ffb74097000 	C:\Windows\SYSTEM32\ncrypt.dll
0x0000000051dc0000 - 0x0000000051de5000 	C:\Program Files\Common Files\Crypto Pro\AppCompat\cpcrypt.dll
0x00007ffb74030000 - 0x00007ffb7406b000 	C:\Windows\SYSTEM32\NTASN1.dll
0x00007ffb6b860000 - 0x00007ffb6b86a000 	C:\Windows\System32\rasadhlp.dll
0x00007ffb6ede0000 - 0x00007ffb6ee60000 	C:\Windows\System32\fwpuclnt.dll
0x00007ffb2a100000 - 0x00007ffb2a109000 	C:\Users\palkov\.vscode\extensions\redhat.java-1.29.0-win32-x64\jre\17.0.10-win32-x86_64\bin\extnet.dll

dbghelp: loaded successfully - version: 4.0.5 - missing functions: none
symbol engine: initialized successfully - sym options: 0x614 - pdb path: .;c:\Users\palkov\.vscode\extensions\redhat.java-1.29.0-win32-x64\jre\17.0.10-win32-x86_64\bin;C:\Windows\SYSTEM32;C:\Windows\WinSxS\amd64_microsoft.windows.common-controls_6595b64144ccf1df_6.0.19041.1110_none_60b5254171f9507e;c:\Users\palkov\.vscode\extensions\redhat.java-1.29.0-win32-x64\jre\17.0.10-win32-x86_64\bin\server;C:\Program Files\Common Files\Crypto Pro\AppCompat

VM Arguments:
jvm_args: -XX:+HeapDumpOnOutOfMemoryError -Xmx1024m -Dsts.lsp.client=vscode -Dsts.log.file=/dev/null -XX:TieredStopAtLevel=1 -Xlog:jni+resolve=off -Dspring.config.location=file:c:\Users\palkov\.vscode\extensions\vmware.vscode-spring-boot-1.53.0\language-server\BOOT-INF\classes\application.properties 
java_command: org.springframework.ide.vscode.boot.app.BootLanguageServerBootApp
java_class_path (initial): c:\Users\palkov\.vscode\extensions\vmware.vscode-spring-boot-1.53.0\language-server\BOOT-INF\classes;c:\Users\palkov\.vscode\extensions\vmware.vscode-spring-boot-1.53.0\language-server\BOOT-INF\lib\annotations-24.1.0.jar;c:\Users\palkov\.vscode\extensions\vmware.vscode-spring-boot-1.53.0\language-server\BOOT-INF\lib\antlr4-runtime-4.11.1.jar;c:\Users\palkov\.vscode\extensions\vmware.vscode-spring-boot-1.53.0\language-server\BOOT-INF\lib\asm-9.6.jar;c:\Users\palkov\.vscode\extensions\vmware.vscode-spring-boot-1.53.0\language-server\BOOT-INF\lib\asm-analysis-9.6.jar;c:\Users\palkov\.vscode\extensions\vmware.vscode-spring-boot-1.53.0\language-server\BOOT-INF\lib\asm-tree-9.6.jar;c:\Users\palkov\.vscode\extensions\vmware.vscode-spring-boot-1.53.0\language-server\BOOT-INF\lib\asm-util-9.6.jar;c:\Users\palkov\.vscode\extensions\vmware.vscode-spring-boot-1.53.0\language-server\BOOT-INF\lib\caffeine-3.1.8.jar;c:\Users\palkov\.vscode\extensions\vmware.vscode-spring-boot-1.53.0\language-server\BOOT-INF\lib\checker-qual-3.12.0.jar;c:\Users\palkov\.vscode\extensions\vmware.vscode-spring-boot-1.53.0\language-server\BOOT-INF\lib\classgraph-4.8.149.jar;c:\Users\palkov\.vscode\extensions\vmware.vscode-spring-boot-1.53.0\language-server\BOOT-INF\lib\commons-codec-1.16.1.jar;c:\Users\palkov\.vscode\extensions\vmware.vscode-spring-boot-1.53.0\language-server\BOOT-INF\lib\commons-compress-1.26.0.jar;c:\Users\palkov\.vscode\extensions\vmware.vscode-spring-boot-1.53.0\language-server\BOOT-INF\lib\commons-io-2.4.jar;c:\Users\palkov\.vscode\extensions\vmware.vscode-spring-boot-1.53.0\language-server\BOOT-INF\lib\commons-java-1.53.0-SNAPSHOT.jar;c:\Users\palkov\.vscode\extensions\vmware.vscode-spring-boot-1.53.0\language-server\BOOT-INF\lib\commons-lang3-3.13.0.jar;c:\Users\palkov\.vscode\extensions\vmware.vscode-spring-boot-1.53.0\language-server\BOOT-INF\lib\commons-language-server-1.53.0-SNAPSHOT.jar;c:\Users\palkov\.vscode\extensions\vmware.vscode-spring-boo
Launcher Type: SUN_STANDARD

[Global flags]
     intx CICompilerCount                          = 3                                         {product} {ergonomic}
     uint ConcGCThreads                            = 2                                         {product} {ergonomic}
     uint G1ConcRefinementThreads                  = 6                                         {product} {ergonomic}
   size_t G1HeapRegionSize                         = 1048576                                   {product} {ergonomic}
    uintx GCDrainStackTargetSize                   = 64                                        {product} {ergonomic}
     bool HeapDumpOnOutOfMemoryError               = true                                   {manageable} {command line}
   size_t InitialHeapSize                          = 1073741824                                {product} {ergonomic}
   size_t MarkStackSize                            = 4194304                                   {product} {ergonomic}
   size_t MaxHeapSize                              = 1073741824                                {product} {command line}
   size_t MaxNewSize                               = 643825664                                 {product} {ergonomic}
   size_t MinHeapDeltaBytes                        = 1048576                                   {product} {ergonomic}
   size_t MinHeapSize                              = 8388608                                   {product} {ergonomic}
    uintx NonProfiledCodeHeapSize                  = 0                                      {pd product} {ergonomic}
     bool ProfileInterpreter                       = false                                  {pd product} {command line}
    uintx ProfiledCodeHeapSize                     = 0                                      {pd product} {ergonomic}
   size_t SoftMaxHeapSize                          = 1073741824                             {manageable} {ergonomic}
     intx TieredStopAtLevel                        = 1                                         {product} {command line}
     bool UseCompressedClassPointers               = true                           {product lp64_product} {ergonomic}
     bool UseCompressedOops                        = true                           {product lp64_product} {ergonomic}
     bool UseG1GC                                  = true                                      {product} {ergonomic}
     bool UseLargePagesIndividualAllocation        = false                                  {pd product} {ergonomic}

Logging:
Log output configuration:
 #0: stdout all=warning,jni+resolve=off uptime,level,tags
 #1: stderr all=off uptime,level,tags

Environment Variables:
JAVA_HOME=C:\Users\palkov\.jdks\openjdk-21.0.2
PATH=C:\Program Files (x86)\VMware\VMware Workstation\bin\;C:\Python311\Scripts\;C:\Python311\;C:\Windows\system32;C:\Windows;C:\Windows\System32\Wbem;C:\Windows\System32\WindowsPowerShell\v1.0\;C:\Windows\System32\OpenSSH\;C:\Program Files\Microsoft VS Code\bin;C:\Program Files\Microsoft SQL Server\130\Tools\Binn\;C:\Program Files\Microsoft SQL Server\Client SDK\ODBC\170\Tools\Binn\;C:\Program Files\Microsoft SQL Server\Client SDK\ODBC\130\Tools\Binn\;C:\Program Files (x86)\Microsoft SQL Server\130\Tools\Binn\;C:\Program Files\Microsoft SQL Server\130\DTS\Binn\;C:\Program Files (x86)\Microsoft SQL Server\150\DTS\Binn\;C:\Program Files\Microsoft SQL Server\150\Tools\Binn\;C:\ProgramData\chocolatey\bin;C:\Program Files\nodejs\;C:\Program Files\dotnet\;D:\PS\;C:\Program Files\Git\cmd;C:\Program Files (x86)\GitExtensions\;C:\maven\bin;C:\Users\palkov\.jdks\openjdk-21.0.2\bin;;C:\Program Files\Docker\Docker\resources\bin;C:\Program Files\PowerShell\7\;C:\Program Files (x86)\Microsoft SQL Server\160\DTS\Binn\;C:\Program Files\Azure Data Studio\bin;C:\Users\palkov\AppData\Local\Microsoft\WindowsApps;C:\Users\palkov\.dotnet\tools;C:\Users\palkov\AppData\Local\JetBrains\Toolbox\scripts;C:\Users\palkov\AppData\Roaming\npm;C:\maven\bin;C:\Program Files\Azure Data Studio\bin;C:\Users\palkov\.dotnet\tools
USERNAME=palkov
OS=Windows_NT
PROCESSOR_IDENTIFIER=Intel64 Family 6 Model 158 Stepping 13, GenuineIntel
TMP=C:\Users\palkov\AppData\Local\Temp
TEMP=C:\Users\palkov\AppData\Local\Temp



Periodic native trim disabled


---------------  S Y S T E M  ---------------

OS:
 Windows 10 , 64 bit Build 19041 (10.0.19041.1706)
OS uptime: 4 days 15:56 hours
Hyper-V role detected

CPU: total 6 (initial active 6) (6 cores per cpu, 1 threads per core) family 6 model 158 stepping 13 microcode 0xb8, cx8, cmov, fxsr, mmx, 3dnowpref, sse, sse2, sse3, ssse3, sse4.1, sse4.2, popcnt, lzcnt, tsc, tscinvbit, avx, avx2, aes, erms, clmul, bmi1, bmi2, rtm, adx, fma, vzeroupper, clflush, clflushopt, hv
Processor Information for all 6 processors :
  Max Mhz: 3696, Current Mhz: 3696, Mhz Limit: 3696

Memory: 4k page, system-wide physical 65408M (15550M free)
TotalPageFile size 95144M (AvailPageFile size 6M)
current process WorkingSet (physical memory assigned to process): 210M, peak: 233M
current process commit charge ("private bytes"): 271M, peak: 1164M

vm_info: OpenJDK 64-Bit Server VM (17.0.10+7) for windows-amd64 JRE (17.0.10+7), built on Jan 16 2024 23:25:11 by "admin" with MS VC++ 16.10 / 16.11 (VS2019)

END.
